2026-04-13 15:48:36,381 - bot_process - INFO - Starting bot ArenexBot1 on port 3001...
2026-04-13 15:48:51,575 - bot_process - ERROR - Bot ArenexBot1 failed to become healthy within 15s
2026-04-13 15:48:51,575 - bot_process - INFO - Stopping bot ArenexBot1...
2026-04-13 15:48:51,596 - bot_process - WARNING - Failed to stop bot via API: All connection attempts failed
2026-04-13 15:48:51,604 - bot_process - INFO - Starting bot ArenexBot2 on port 3002...
2026-04-13 15:49:06,868 - bot_process - ERROR - Bot ArenexBot2 failed to become healthy within 15s
2026-04-13 15:49:06,868 - bot_process - INFO - Stopping bot ArenexBot2...
2026-04-13 15:49:06,881 - bot_process - WARNING - Failed to stop bot via API: All connection attempts failed
2026-04-13 15:49:06,886 - bot_process - INFO - Stopping bot ArenexBot1...
2026-04-13 15:49:06,906 - bot_process - WARNING - Failed to stop bot via API: All connection attempts failed
2026-04-13 15:49:06,908 - bot_process - INFO - Stopping bot ArenexBot2...
2026-04-13 15:49:06,931 - bot_process - WARNING - Failed to stop bot via API: All connection attempts failed
2026-04-13 15:49:07,206 - httpx - INFO - HTTP Request: POST http://localhost:8000/matches/result "HTTP/1.1 400 Bad Request"
2026-04-13 15:49:07,222 - result_reporter - ERROR - Platform rejected result (400): {"detail":"Invalid match_id format"}
2026-04-13 15:49:07,223 - result_reporter - INFO - Saved result to fallback: result_fallback/match_test_viewer_001_20260413_154907.json
2026-04-14 04:27:38,436 - bot_process - INFO - Starting bot ArenexBot1 on port 3001...
2026-04-14 04:27:41,159 - httpx - INFO - HTTP Request: GET http://localhost:3001/health "HTTP/1.1 200 OK"
2026-04-14 04:27:41,162 - bot_process - INFO - Bot ArenexBot1 is alive.
2026-04-14 04:27:41,167 - bot_process - INFO - Starting bot ArenexBot2 on port 3002...
2026-04-14 04:27:45,569 - httpx - INFO - HTTP Request: GET http://localhost:3002/health "HTTP/1.1 200 OK"
2026-04-14 04:27:45,570 - bot_process - INFO - Bot ArenexBot2 is alive.
2026-04-14 04:27:45,588 - result_reporter - ERROR - Failed to mark live viewer for match 123: All connection attempts failed
2026-04-14 04:27:45,828 - httpx - INFO - HTTP Request: GET http://localhost:3001/status "HTTP/1.1 200 OK"
2026-04-14 04:27:45,855 - httpx - INFO - HTTP Request: GET http://localhost:3002/status "HTTP/1.1 200 OK"
2026-04-14 04:27:47,923 - httpx - INFO - HTTP Request: GET http://localhost:3001/status "HTTP/1.1 200 OK"
2026-04-14 04:27:47,926 - httpx - INFO - HTTP Request: GET http://localhost:3002/status "HTTP/1.1 200 OK"
2026-04-14 04:27:49,978 - httpx - INFO - HTTP Request: GET http://localhost:3001/status "HTTP/1.1 200 OK"
2026-04-14 04:27:49,980 - httpx - INFO - HTTP Request: GET http://localhost:3002/status "HTTP/1.1 200 OK"
2026-04-14 04:27:52,039 - httpx - INFO - HTTP Request: GET http://localhost:3001/status "HTTP/1.1 200 OK"
2026-04-14 04:27:52,043 - httpx - INFO - HTTP Request: GET http://localhost:3002/status "HTTP/1.1 200 OK"
2026-04-14 04:27:54,172 - httpx - INFO - HTTP Request: GET http://localhost:3001/status "HTTP/1.1 200 OK"
2026-04-14 04:27:54,249 - httpx - INFO - HTTP Request: GET http://localhost:3002/status "HTTP/1.1 200 OK"
2026-04-14 04:27:56,302 - httpx - INFO - HTTP Request: GET http://localhost:3001/status "HTTP/1.1 200 OK"
2026-04-14 04:27:56,306 - httpx - INFO - HTTP Request: GET http://localhost:3002/status "HTTP/1.1 200 OK"
2026-04-14 04:27:58,349 - httpx - INFO - HTTP Request: GET http://localhost:3001/status "HTTP/1.1 200 OK"
2026-04-14 04:27:58,349 - httpx - INFO - HTTP Request: GET http://localhost:3002/status "HTTP/1.1 200 OK"
2026-04-14 04:28:00,417 - httpx - INFO - HTTP Request: GET http://localhost:3001/status "HTTP/1.1 200 OK"
2026-04-14 04:28:00,419 - httpx - INFO - HTTP Request: GET http://localhost:3002/status "HTTP/1.1 200 OK"
2026-04-14 04:28:02,552 - httpx - INFO - HTTP Request: GET http://localhost:3001/status "HTTP/1.1 200 OK"
2026-04-14 04:28:02,569 - httpx - INFO - HTTP Request: GET http://localhost:3002/status "HTTP/1.1 200 OK"
2026-04-14 04:28:04,870 - httpx - INFO - HTTP Request: GET http://localhost:3001/status "HTTP/1.1 200 OK"
2026-04-14 04:28:04,884 - httpx - INFO - HTTP Request: GET http://localhost:3002/status "HTTP/1.1 200 OK"
2026-04-14 04:28:06,946 - httpx - INFO - HTTP Request: GET http://localhost:3001/status "HTTP/1.1 200 OK"
2026-04-14 04:28:06,951 - httpx - INFO - HTTP Request: GET http://localhost:3002/status "HTTP/1.1 200 OK"
2026-04-14 04:28:09,029 - httpx - INFO - HTTP Request: GET http://localhost:3001/status "HTTP/1.1 200 OK"
2026-04-14 04:28:09,032 - httpx - INFO - HTTP Request: GET http://localhost:3002/status "HTTP/1.1 200 OK"
2026-04-14 04:28:11,158 - httpx - INFO - HTTP Request: GET http://localhost:3001/status "HTTP/1.1 200 OK"
2026-04-14 04:28:11,161 - httpx - INFO - HTTP Request: GET http://localhost:3002/status "HTTP/1.1 200 OK"
2026-04-14 04:28:13,196 - httpx - INFO - HTTP Request: GET http://localhost:3001/status "HTTP/1.1 200 OK"
2026-04-14 04:28:13,200 - httpx - INFO - HTTP Request: GET http://localhost:3002/status "HTTP/1.1 200 OK"
2026-04-14 04:28:15,257 - httpx - INFO - HTTP Request: GET http://localhost:3001/status "HTTP/1.1 200 OK"
2026-04-14 04:28:15,259 - httpx - INFO - HTTP Request: GET http://localhost:3002/status "HTTP/1.1 200 OK"
2026-04-14 04:28:17,333 - httpx - INFO - HTTP Request: GET http://localhost:3001/status "HTTP/1.1 200 OK"
2026-04-14 04:28:17,339 - httpx - INFO - HTTP Request: GET http://localhost:3002/status "HTTP/1.1 200 OK"
2026-04-14 04:28:19,407 - httpx - INFO - HTTP Request: GET http://localhost:3001/status "HTTP/1.1 200 OK"
2026-04-14 04:28:19,415 - httpx - INFO - HTTP Request: GET http://localhost:3002/status "HTTP/1.1 200 OK"
2026-04-14 04:28:21,472 - httpx - INFO - HTTP Request: GET http://localhost:3001/status "HTTP/1.1 200 OK"
2026-04-14 04:28:21,528 - httpx - INFO - HTTP Request: GET http://localhost:3002/status "HTTP/1.1 200 OK"
2026-04-14 04:28:23,660 - httpx - INFO - HTTP Request: GET http://localhost:3001/status "HTTP/1.1 200 OK"
2026-04-14 04:28:23,663 - httpx - INFO - HTTP Request: GET http://localhost:3002/status "HTTP/1.1 200 OK"
2026-04-14 04:28:25,754 - httpx - INFO - HTTP Request: GET http://localhost:3001/status "HTTP/1.1 200 OK"
2026-04-14 04:28:25,756 - httpx - INFO - HTTP Request: GET http://localhost:3002/status "HTTP/1.1 200 OK"
2026-04-14 04:28:27,839 - httpx - INFO - HTTP Request: GET http://localhost:3001/status "HTTP/1.1 200 OK"
2026-04-14 04:28:27,848 - httpx - INFO - HTTP Request: GET http://localhost:3002/status "HTTP/1.1 200 OK"
2026-04-14 04:28:29,958 - httpx - INFO - HTTP Request: GET http://localhost:3001/status "HTTP/1.1 200 OK"
2026-04-14 04:28:29,964 - httpx - INFO - HTTP Request: GET http://localhost:3002/status "HTTP/1.1 200 OK"
2026-04-14 04:28:32,034 - httpx - INFO - HTTP Request: GET http://localhost:3001/status "HTTP/1.1 200 OK"
2026-04-14 04:28:32,039 - httpx - INFO - HTTP Request: GET http://localhost:3002/status "HTTP/1.1 200 OK"
2026-04-14 04:28:34,088 - httpx - INFO - HTTP Request: GET http://localhost:3001/status "HTTP/1.1 200 OK"
2026-04-14 04:28:34,092 - httpx - INFO - HTTP Request: GET http://localhost:3002/status "HTTP/1.1 200 OK"
2026-04-14 04:28:36,143 - httpx - INFO - HTTP Request: GET http://localhost:3001/status "HTTP/1.1 200 OK"
2026-04-14 04:28:36,147 - httpx - INFO - HTTP Request: GET http://localhost:3002/status "HTTP/1.1 200 OK"
2026-04-14 04:28:38,215 - httpx - INFO - HTTP Request: GET http://localhost:3002/status "HTTP/1.1 200 OK"
2026-04-14 04:28:38,216 - httpx - INFO - HTTP Request: GET http://localhost:3001/status "HTTP/1.1 200 OK"
2026-04-14 04:28:40,271 - httpx - INFO - HTTP Request: GET http://localhost:3002/status "HTTP/1.1 200 OK"
2026-04-14 04:28:40,272 - httpx - INFO - HTTP Request: GET http://localhost:3001/status "HTTP/1.1 200 OK"
2026-04-14 04:28:42,425 - httpx - INFO - HTTP Request: GET http://localhost:3001/status "HTTP/1.1 200 OK"
2026-04-14 04:28:42,430 - httpx - INFO - HTTP Request: GET http://localhost:3002/status "HTTP/1.1 200 OK"
2026-04-14 04:28:44,538 - httpx - INFO - HTTP Request: GET http://localhost:3001/status "HTTP/1.1 200 OK"
2026-04-14 04:28:44,560 - httpx - INFO - HTTP Request: GET http://localhost:3002/status "HTTP/1.1 200 OK"
2026-04-14 04:28:46,634 - httpx - INFO - HTTP Request: GET http://localhost:3001/status "HTTP/1.1 200 OK"
2026-04-14 04:28:46,635 - httpx - INFO - HTTP Request: GET http://localhost:3002/status "HTTP/1.1 200 OK"
2026-04-14 04:28:48,703 - httpx - INFO - HTTP Request: GET http://localhost:3001/status "HTTP/1.1 200 OK"
2026-04-14 04:28:48,708 - httpx - INFO - HTTP Request: GET http://localhost:3002/status "HTTP/1.1 200 OK"
2026-04-14 04:28:50,769 - httpx - INFO - HTTP Request: GET http://localhost:3001/status "HTTP/1.1 200 OK"
2026-04-14 04:28:50,772 - httpx - INFO - HTTP Request: GET http://localhost:3002/status "HTTP/1.1 200 OK"
2026-04-14 04:28:52,880 - httpx - INFO - HTTP Request: GET http://localhost:3001/status "HTTP/1.1 200 OK"
2026-04-14 04:28:52,907 - httpx - INFO - HTTP Request: GET http://localhost:3002/status "HTTP/1.1 200 OK"
2026-04-14 04:28:55,041 - httpx - INFO - HTTP Request: GET http://localhost:3001/status "HTTP/1.1 200 OK"
2026-04-14 04:28:55,044 - httpx - INFO - HTTP Request: GET http://localhost:3002/status "HTTP/1.1 200 OK"
2026-04-14 04:28:57,139 - httpx - INFO - HTTP Request: GET http://localhost:3001/status "HTTP/1.1 200 OK"
2026-04-14 04:28:57,144 - httpx - INFO - HTTP Request: GET http://localhost:3002/status "HTTP/1.1 200 OK"
2026-04-14 04:28:59,349 - httpx - INFO - HTTP Request: GET http://localhost:3001/status "HTTP/1.1 200 OK"
2026-04-14 04:28:59,371 - httpx - INFO - HTTP Request: GET http://localhost:3002/status "HTTP/1.1 200 OK"
2026-04-14 04:29:01,466 - httpx - INFO - HTTP Request: GET http://localhost:3001/status "HTTP/1.1 200 OK"
2026-04-14 04:29:01,470 - httpx - INFO - HTTP Request: GET http://localhost:3002/status "HTTP/1.1 200 OK"
2026-04-14 04:29:03,537 - httpx - INFO - HTTP Request: GET http://localhost:3001/status "HTTP/1.1 200 OK"
2026-04-14 04:29:03,539 - httpx - INFO - HTTP Request: GET http://localhost:3002/status "HTTP/1.1 200 OK"
2026-04-14 04:29:05,617 - httpx - INFO - HTTP Request: GET http://localhost:3001/status "HTTP/1.1 200 OK"
2026-04-14 04:29:05,650 - httpx - INFO - HTTP Request: GET http://localhost:3002/status "HTTP/1.1 200 OK"
2026-04-14 04:29:07,771 - httpx - INFO - HTTP Request: GET http://localhost:3001/status "HTTP/1.1 200 OK"
2026-04-14 04:29:07,787 - httpx - INFO - HTTP Request: GET http://localhost:3002/status "HTTP/1.1 200 OK"
2026-04-14 04:29:09,861 - httpx - INFO - HTTP Request: GET http://localhost:3001/status "HTTP/1.1 200 OK"
2026-04-14 04:29:09,892 - httpx - INFO - HTTP Request: GET http://localhost:3002/status "HTTP/1.1 200 OK"
2026-04-14 04:29:11,981 - httpx - INFO - HTTP Request: GET http://localhost:3001/status "HTTP/1.1 200 OK"
2026-04-14 04:29:11,982 - httpx - INFO - HTTP Request: GET http://localhost:3002/status "HTTP/1.1 200 OK"
2026-04-14 04:29:14,082 - httpx - INFO - HTTP Request: GET http://localhost:3001/status "HTTP/1.1 200 OK"
2026-04-14 04:29:14,084 - httpx - INFO - HTTP Request: GET http://localhost:3002/status "HTTP/1.1 200 OK"
2026-04-14 04:29:16,178 - httpx - INFO - HTTP Request: GET http://localhost:3001/status "HTTP/1.1 200 OK"
2026-04-14 04:29:16,190 - httpx - INFO - HTTP Request: GET http://localhost:3002/status "HTTP/1.1 200 OK"
2026-04-14 04:29:18,281 - httpx - INFO - HTTP Request: GET http://localhost:3001/status "HTTP/1.1 200 OK"
2026-04-14 04:29:18,290 - httpx - INFO - HTTP Request: GET http://localhost:3002/status "HTTP/1.1 200 OK"
2026-04-14 04:29:20,361 - httpx - INFO - HTTP Request: GET http://localhost:3001/status "HTTP/1.1 200 OK"
2026-04-14 04:29:20,361 - httpx - INFO - HTTP Request: GET http://localhost:3002/status "HTTP/1.1 200 OK"
2026-04-14 04:29:22,446 - httpx - INFO - HTTP Request: GET http://localhost:3001/status "HTTP/1.1 200 OK"
2026-04-14 04:29:22,448 - httpx - INFO - HTTP Request: GET http://localhost:3002/status "HTTP/1.1 200 OK"
2026-04-14 04:29:24,496 - httpx - INFO - HTTP Request: GET http://localhost:3001/status "HTTP/1.1 200 OK"
2026-04-14 04:29:24,497 - httpx - INFO - HTTP Request: GET http://localhost:3002/status "HTTP/1.1 200 OK"
2026-04-14 04:29:26,610 - httpx - INFO - HTTP Request: GET http://localhost:3002/status "HTTP/1.1 200 OK"
2026-04-14 04:29:26,611 - httpx - INFO - HTTP Request: GET http://localhost:3001/status "HTTP/1.1 200 OK"
2026-04-14 04:29:28,659 - httpx - INFO - HTTP Request: GET http://localhost:3001/status "HTTP/1.1 200 OK"
2026-04-14 04:29:28,665 - httpx - INFO - HTTP Request: GET http://localhost:3002/status "HTTP/1.1 200 OK"
2026-04-14 04:29:30,701 - httpx - INFO - HTTP Request: GET http://localhost:3001/status "HTTP/1.1 200 OK"
2026-04-14 04:29:30,703 - httpx - INFO - HTTP Request: GET http://localhost:3002/status "HTTP/1.1 200 OK"
2026-04-14 04:29:32,831 - httpx - INFO - HTTP Request: GET http://localhost:3001/status "HTTP/1.1 200 OK"
2026-04-14 04:29:32,848 - httpx - INFO - HTTP Request: GET http://localhost:3002/status "HTTP/1.1 200 OK"
2026-04-14 04:29:34,915 - httpx - INFO - HTTP Request: GET http://localhost:3001/status "HTTP/1.1 200 OK"
2026-04-14 04:29:34,917 - httpx - INFO - HTTP Request: GET http://localhost:3002/status "HTTP/1.1 200 OK"
2026-04-14 04:29:36,986 - httpx - INFO - HTTP Request: GET http://localhost:3001/status "HTTP/1.1 200 OK"
2026-04-14 04:29:36,989 - httpx - INFO - HTTP Request: GET http://localhost:3002/status "HTTP/1.1 200 OK"
2026-04-14 04:29:39,046 - httpx - INFO - HTTP Request: GET http://localhost:3001/status "HTTP/1.1 200 OK"
2026-04-14 04:29:39,050 - httpx - INFO - HTTP Request: GET http://localhost:3002/status "HTTP/1.1 200 OK"
2026-04-14 04:29:41,131 - httpx - INFO - HTTP Request: GET http://localhost:3001/status "HTTP/1.1 200 OK"
2026-04-14 04:29:41,148 - httpx - INFO - HTTP Request: GET http://localhost:3002/status "HTTP/1.1 200 OK"
2026-04-14 04:29:43,212 - httpx - INFO - HTTP Request: GET http://localhost:3001/status "HTTP/1.1 200 OK"
2026-04-14 04:29:43,214 - httpx - INFO - HTTP Request: GET http://localhost:3002/status "HTTP/1.1 200 OK"
2026-04-14 04:29:45,307 - httpx - INFO - HTTP Request: GET http://localhost:3001/status "HTTP/1.1 200 OK"
2026-04-14 04:29:45,308 - httpx - INFO - HTTP Request: GET http://localhost:3002/status "HTTP/1.1 200 OK"
2026-04-14 04:29:47,364 - httpx - INFO - HTTP Request: GET http://localhost:3001/status "HTTP/1.1 200 OK"
2026-04-14 04:29:47,364 - httpx - INFO - HTTP Request: GET http://localhost:3002/status "HTTP/1.1 200 OK"
2026-04-14 04:29:49,420 - httpx - INFO - HTTP Request: GET http://localhost:3001/status "HTTP/1.1 200 OK"
2026-04-14 04:29:49,422 - httpx - INFO - HTTP Request: GET http://localhost:3002/status "HTTP/1.1 200 OK"
2026-04-14 04:29:51,500 - httpx - INFO - HTTP Request: GET http://localhost:3001/status "HTTP/1.1 200 OK"
2026-04-14 04:29:51,503 - httpx - INFO - HTTP Request: GET http://localhost:3002/status "HTTP/1.1 200 OK"
2026-04-14 04:29:53,556 - httpx - INFO - HTTP Request: GET http://localhost:3002/status "HTTP/1.1 200 OK"
2026-04-14 04:29:53,557 - httpx - INFO - HTTP Request: GET http://localhost:3001/status "HTTP/1.1 200 OK"
2026-04-14 04:29:55,619 - httpx - INFO - HTTP Request: GET http://localhost:3001/status "HTTP/1.1 200 OK"
2026-04-14 04:29:55,626 - httpx - INFO - HTTP Request: GET http://localhost:3002/status "HTTP/1.1 200 OK"
2026-04-14 04:29:57,713 - httpx - INFO - HTTP Request: GET http://localhost:3001/status "HTTP/1.1 200 OK"
2026-04-14 04:29:57,742 - httpx - INFO - HTTP Request: GET http://localhost:3002/status "HTTP/1.1 200 OK"
2026-04-14 04:29:59,814 - httpx - INFO - HTTP Request: GET http://localhost:3001/status "HTTP/1.1 200 OK"
2026-04-14 04:29:59,815 - httpx - INFO - HTTP Request: GET http://localhost:3002/status "HTTP/1.1 200 OK"
2026-04-14 04:30:01,878 - httpx - INFO - HTTP Request: GET http://localhost:3002/status "HTTP/1.1 200 OK"
2026-04-14 04:30:01,880 - httpx - INFO - HTTP Request: GET http://localhost:3001/status "HTTP/1.1 200 OK"
2026-04-14 04:30:03,940 - httpx - INFO - HTTP Request: GET http://localhost:3001/status "HTTP/1.1 200 OK"
2026-04-14 04:30:03,953 - httpx - INFO - HTTP Request: GET http://localhost:3002/status "HTTP/1.1 200 OK"
2026-04-14 04:30:06,084 - httpx - INFO - HTTP Request: GET http://localhost:3001/status "HTTP/1.1 200 OK"
2026-04-14 04:30:06,090 - httpx - INFO - HTTP Request: GET http://localhost:3002/status "HTTP/1.1 200 OK"
2026-04-14 04:30:08,184 - httpx - INFO - HTTP Request: GET http://localhost:3001/status "HTTP/1.1 200 OK"
2026-04-14 04:30:08,189 - httpx - INFO - HTTP Request: GET http://localhost:3002/status "HTTP/1.1 200 OK"
2026-04-14 04:30:10,260 - httpx - INFO - HTTP Request: GET http://localhost:3001/status "HTTP/1.1 200 OK"
2026-04-14 04:30:10,264 - httpx - INFO - HTTP Request: GET http://localhost:3002/status "HTTP/1.1 200 OK"
2026-04-14 04:30:12,312 - httpx - INFO - HTTP Request: GET http://localhost:3001/status "HTTP/1.1 200 OK"
2026-04-14 04:30:12,314 - httpx - INFO - HTTP Request: GET http://localhost:3002/status "HTTP/1.1 200 OK"
2026-04-14 04:30:14,375 - httpx - INFO - HTTP Request: GET http://localhost:3001/status "HTTP/1.1 200 OK"
2026-04-14 04:30:14,378 - httpx - INFO - HTTP Request: GET http://localhost:3002/status "HTTP/1.1 200 OK"
2026-04-14 04:30:16,459 - httpx - INFO - HTTP Request: GET http://localhost:3001/status "HTTP/1.1 200 OK"
2026-04-14 04:30:16,464 - httpx - INFO - HTTP Request: GET http://localhost:3002/status "HTTP/1.1 200 OK"
2026-04-14 04:30:18,543 - httpx - INFO - HTTP Request: GET http://localhost:3001/status "HTTP/1.1 200 OK"
2026-04-14 04:30:18,564 - httpx - INFO - HTTP Request: GET http://localhost:3002/status "HTTP/1.1 200 OK"
2026-04-14 04:30:20,632 - httpx - INFO - HTTP Request: GET http://localhost:3001/status "HTTP/1.1 200 OK"
2026-04-14 04:30:20,635 - httpx - INFO - HTTP Request: GET http://localhost:3002/status "HTTP/1.1 200 OK"
2026-04-14 04:30:22,712 - httpx - INFO - HTTP Request: GET http://localhost:3001/status "HTTP/1.1 200 OK"
2026-04-14 04:30:22,720 - httpx - INFO - HTTP Request: GET http://localhost:3002/status "HTTP/1.1 200 OK"
2026-04-14 04:30:24,843 - httpx - INFO - HTTP Request: GET http://localhost:3001/status "HTTP/1.1 200 OK"
2026-04-14 04:30:24,852 - httpx - INFO - HTTP Request: GET http://localhost:3002/status "HTTP/1.1 200 OK"
2026-04-14 04:30:26,909 - httpx - INFO - HTTP Request: GET http://localhost:3001/status "HTTP/1.1 200 OK"
2026-04-14 04:30:26,918 - httpx - INFO - HTTP Request: GET http://localhost:3002/status "HTTP/1.1 200 OK"
2026-04-14 04:30:29,022 - httpx - INFO - HTTP Request: GET http://localhost:3001/status "HTTP/1.1 200 OK"
2026-04-14 04:30:29,024 - httpx - INFO - HTTP Request: GET http://localhost:3002/status "HTTP/1.1 200 OK"
2026-04-14 04:30:31,067 - httpx - INFO - HTTP Request: GET http://localhost:3001/status "HTTP/1.1 200 OK"
2026-04-14 04:30:31,070 - httpx - INFO - HTTP Request: GET http://localhost:3002/status "HTTP/1.1 200 OK"
2026-04-14 04:30:33,119 - httpx - INFO - HTTP Request: GET http://localhost:3001/status "HTTP/1.1 200 OK"
2026-04-14 04:30:33,121 - httpx - INFO - HTTP Request: GET http://localhost:3002/status "HTTP/1.1 200 OK"
2026-04-14 04:30:35,175 - httpx - INFO - HTTP Request: GET http://localhost:3001/status "HTTP/1.1 200 OK"
2026-04-14 04:30:35,182 - httpx - INFO - HTTP Request: GET http://localhost:3002/status "HTTP/1.1 200 OK"
2026-04-14 04:30:37,282 - httpx - INFO - HTTP Request: GET http://localhost:3001/status "HTTP/1.1 200 OK"
2026-04-14 04:30:37,285 - httpx - INFO - HTTP Request: GET http://localhost:3002/status "HTTP/1.1 200 OK"
2026-04-14 04:30:39,328 - httpx - INFO - HTTP Request: GET http://localhost:3001/status "HTTP/1.1 200 OK"
2026-04-14 04:30:39,337 - httpx - INFO - HTTP Request: GET http://localhost:3002/status "HTTP/1.1 200 OK"
2026-04-14 04:30:41,379 - httpx - INFO - HTTP Request: GET http://localhost:3001/status "HTTP/1.1 200 OK"
2026-04-14 04:30:41,383 - httpx - INFO - HTTP Request: GET http://localhost:3002/status "HTTP/1.1 200 OK"
2026-04-14 04:30:43,465 - httpx - INFO - HTTP Request: GET http://localhost:3001/status "HTTP/1.1 200 OK"
2026-04-14 04:30:43,470 - httpx - INFO - HTTP Request: GET http://localhost:3002/status "HTTP/1.1 200 OK"
2026-04-14 04:30:45,526 - httpx - INFO - HTTP Request: GET http://localhost:3001/status "HTTP/1.1 200 OK"
2026-04-14 04:30:45,527 - httpx - INFO - HTTP Request: GET http://localhost:3002/status "HTTP/1.1 200 OK"
2026-04-14 04:30:47,614 - httpx - INFO - HTTP Request: GET http://localhost:3001/status "HTTP/1.1 200 OK"
2026-04-14 04:30:47,626 - httpx - INFO - HTTP Request: GET http://localhost:3002/status "HTTP/1.1 200 OK"
2026-04-14 04:30:49,710 - httpx - INFO - HTTP Request: GET http://localhost:3001/status "HTTP/1.1 200 OK"
2026-04-14 04:30:49,720 - httpx - INFO - HTTP Request: GET http://localhost:3002/status "HTTP/1.1 200 OK"
2026-04-14 04:30:51,766 - httpx - INFO - HTTP Request: GET http://localhost:3001/status "HTTP/1.1 200 OK"
2026-04-14 04:30:51,772 - httpx - INFO - HTTP Request: GET http://localhost:3002/status "HTTP/1.1 200 OK"
2026-04-14 04:30:53,841 - httpx - INFO - HTTP Request: GET http://localhost:3002/status "HTTP/1.1 200 OK"
2026-04-14 04:30:53,841 - httpx - INFO - HTTP Request: GET http://localhost:3001/status "HTTP/1.1 200 OK"
2026-04-14 04:30:56,032 - httpx - INFO - HTTP Request: GET http://localhost:3001/status "HTTP/1.1 200 OK"
2026-04-14 04:30:56,038 - httpx - INFO - HTTP Request: GET http://localhost:3002/status "HTTP/1.1 200 OK"
2026-04-14 04:30:58,101 - httpx - INFO - HTTP Request: GET http://localhost:3001/status "HTTP/1.1 200 OK"
2026-04-14 04:30:58,112 - httpx - INFO - HTTP Request: GET http://localhost:3002/status "HTTP/1.1 200 OK"
2026-04-14 04:31:00,169 - httpx - INFO - HTTP Request: GET http://localhost:3001/status "HTTP/1.1 200 OK"
2026-04-14 04:31:00,175 - httpx - INFO - HTTP Request: GET http://localhost:3002/status "HTTP/1.1 200 OK"
2026-04-14 04:31:02,261 - httpx - INFO - HTTP Request: GET http://localhost:3001/status "HTTP/1.1 200 OK"
2026-04-14 04:31:02,268 - httpx - INFO - HTTP Request: GET http://localhost:3002/status "HTTP/1.1 200 OK"
2026-04-14 04:31:04,354 - httpx - INFO - HTTP Request: GET http://localhost:3001/status "HTTP/1.1 200 OK"
2026-04-14 04:31:04,359 - httpx - INFO - HTTP Request: GET http://localhost:3002/status "HTTP/1.1 200 OK"
2026-04-14 04:31:06,521 - httpx - INFO - HTTP Request: GET http://localhost:3001/status "HTTP/1.1 200 OK"
2026-04-14 04:31:06,541 - httpx - INFO - HTTP Request: GET http://localhost:3002/status "HTTP/1.1 200 OK"
2026-04-14 04:31:08,685 - httpx - INFO - HTTP Request: GET http://localhost:3001/status "HTTP/1.1 200 OK"
2026-04-14 04:31:08,699 - httpx - INFO - HTTP Request: GET http://localhost:3002/status "HTTP/1.1 200 OK"
2026-04-14 04:31:10,781 - httpx - INFO - HTTP Request: GET http://localhost:3001/status "HTTP/1.1 200 OK"
2026-04-14 04:31:10,783 - httpx - INFO - HTTP Request: GET http://localhost:3002/status "HTTP/1.1 200 OK"
2026-04-14 04:31:12,844 - httpx - INFO - HTTP Request: GET http://localhost:3002/status "HTTP/1.1 200 OK"
2026-04-14 04:31:12,852 - httpx - INFO - HTTP Request: GET http://localhost:3001/status "HTTP/1.1 200 OK"
2026-04-14 04:31:14,893 - httpx - INFO - HTTP Request: GET http://localhost:3001/status "HTTP/1.1 200 OK"
2026-04-14 04:31:14,893 - httpx - INFO - HTTP Request: GET http://localhost:3002/status "HTTP/1.1 200 OK"
2026-04-14 04:31:16,904 - httpx - INFO - HTTP Request: GET http://localhost:3001/status "HTTP/1.1 200 OK"
2026-04-14 04:31:16,905 - httpx - INFO - HTTP Request: GET http://localhost:3002/status "HTTP/1.1 200 OK"
2026-04-14 04:31:18,945 - httpx - INFO - HTTP Request: GET http://localhost:3001/status "HTTP/1.1 200 OK"
2026-04-14 04:31:18,964 - httpx - INFO - HTTP Request: GET http://localhost:3002/status "HTTP/1.1 200 OK"
2026-04-14 04:31:21,037 - httpx - INFO - HTTP Request: GET http://localhost:3001/status "HTTP/1.1 200 OK"
2026-04-14 04:31:21,044 - httpx - INFO - HTTP Request: GET http://localhost:3002/status "HTTP/1.1 200 OK"
2026-04-14 04:31:23,170 - httpx - INFO - HTTP Request: GET http://localhost:3001/status "HTTP/1.1 200 OK"
2026-04-14 04:31:23,170 - httpx - INFO - HTTP Request: GET http://localhost:3002/status "HTTP/1.1 200 OK"
2026-04-14 04:31:25,216 - httpx - INFO - HTTP Request: GET http://localhost:3001/status "HTTP/1.1 200 OK"
2026-04-14 04:31:25,221 - httpx - INFO - HTTP Request: GET http://localhost:3002/status "HTTP/1.1 200 OK"
2026-04-14 04:31:27,270 - httpx - INFO - HTTP Request: GET http://localhost:3001/status "HTTP/1.1 200 OK"
2026-04-14 04:31:27,281 - httpx - INFO - HTTP Request: GET http://localhost:3002/status "HTTP/1.1 200 OK"
2026-04-14 04:31:29,361 - httpx - INFO - HTTP Request: GET http://localhost:3001/status "HTTP/1.1 200 OK"
2026-04-14 04:31:29,367 - httpx - INFO - HTTP Request: GET http://localhost:3002/status "HTTP/1.1 200 OK"
2026-04-14 04:31:31,424 - httpx - INFO - HTTP Request: GET http://localhost:3001/status "HTTP/1.1 200 OK"
2026-04-14 04:31:31,425 - httpx - INFO - HTTP Request: GET http://localhost:3002/status "HTTP/1.1 200 OK"
2026-04-14 04:31:33,504 - httpx - INFO - HTTP Request: GET http://localhost:3001/status "HTTP/1.1 200 OK"
2026-04-14 04:31:33,526 - httpx - INFO - HTTP Request: GET http://localhost:3002/status "HTTP/1.1 200 OK"
2026-04-14 04:31:35,626 - httpx - INFO - HTTP Request: GET http://localhost:3001/status "HTTP/1.1 200 OK"
2026-04-14 04:31:35,628 - httpx - INFO - HTTP Request: GET http://localhost:3002/status "HTTP/1.1 200 OK"
2026-04-14 04:31:37,684 - httpx - INFO - HTTP Request: GET http://localhost:3001/status "HTTP/1.1 200 OK"
2026-04-14 04:31:37,694 - httpx - INFO - HTTP Request: GET http://localhost:3002/status "HTTP/1.1 200 OK"
2026-04-14 04:31:39,772 - httpx - INFO - HTTP Request: GET http://localhost:3001/status "HTTP/1.1 200 OK"
2026-04-14 04:31:39,774 - httpx - INFO - HTTP Request: GET http://localhost:3002/status "HTTP/1.1 200 OK"
2026-04-14 04:31:41,907 - httpx - INFO - HTTP Request: GET http://localhost:3001/status "HTTP/1.1 200 OK"
2026-04-14 04:31:41,919 - httpx - INFO - HTTP Request: GET http://localhost:3002/status "HTTP/1.1 200 OK"
2026-04-14 04:31:44,019 - httpx - INFO - HTTP Request: GET http://localhost:3001/status "HTTP/1.1 200 OK"
2026-04-14 04:31:44,025 - httpx - INFO - HTTP Request: GET http://localhost:3002/status "HTTP/1.1 200 OK"
2026-04-14 04:31:46,071 - httpx - INFO - HTTP Request: GET http://localhost:3001/status "HTTP/1.1 200 OK"
2026-04-14 04:31:46,077 - httpx - INFO - HTTP Request: GET http://localhost:3002/status "HTTP/1.1 200 OK"
2026-04-14 04:31:48,158 - httpx - INFO - HTTP Request: GET http://localhost:3002/status "HTTP/1.1 200 OK"
2026-04-14 04:31:48,159 - httpx - INFO - HTTP Request: GET http://localhost:3001/status "HTTP/1.1 200 OK"
2026-04-14 04:31:50,279 - httpx - INFO - HTTP Request: GET http://localhost:3001/status "HTTP/1.1 200 OK"
2026-04-14 04:31:50,287 - httpx - INFO - HTTP Request: GET http://localhost:3002/status "HTTP/1.1 200 OK"
2026-04-14 04:31:52,348 - httpx - INFO - HTTP Request: GET http://localhost:3001/status "HTTP/1.1 200 OK"
2026-04-14 04:31:52,375 - httpx - INFO - HTTP Request: GET http://localhost:3002/status "HTTP/1.1 200 OK"
2026-04-14 04:31:54,441 - httpx - INFO - HTTP Request: GET http://localhost:3001/status "HTTP/1.1 200 OK"
2026-04-14 04:31:54,459 - httpx - INFO - HTTP Request: GET http://localhost:3002/status "HTTP/1.1 200 OK"
2026-04-14 04:31:56,564 - httpx - INFO - HTTP Request: GET http://localhost:3001/status "HTTP/1.1 200 OK"
2026-04-14 04:31:56,574 - httpx - INFO - HTTP Request: GET http://localhost:3002/status "HTTP/1.1 200 OK"
2026-04-14 04:31:58,632 - httpx - INFO - HTTP Request: GET http://localhost:3001/status "HTTP/1.1 200 OK"
2026-04-14 04:31:58,646 - httpx - INFO - HTTP Request: GET http://localhost:3002/status "HTTP/1.1 200 OK"
2026-04-14 04:32:00,723 - httpx - INFO - HTTP Request: GET http://localhost:3001/status "HTTP/1.1 200 OK"
2026-04-14 04:32:00,725 - httpx - INFO - HTTP Request: GET http://localhost:3002/status "HTTP/1.1 200 OK"
2026-04-14 04:32:02,835 - httpx - INFO - HTTP Request: GET http://localhost:3001/status "HTTP/1.1 200 OK"
2026-04-14 04:32:02,848 - httpx - INFO - HTTP Request: GET http://localhost:3002/status "HTTP/1.1 200 OK"
2026-04-14 04:32:04,925 - httpx - INFO - HTTP Request: GET http://localhost:3001/status "HTTP/1.1 200 OK"
2026-04-14 04:32:04,929 - httpx - INFO - HTTP Request: GET http://localhost:3002/status "HTTP/1.1 200 OK"
2026-04-14 04:32:06,960 - httpx - INFO - HTTP Request: GET http://localhost:3001/status "HTTP/1.1 200 OK"
2026-04-14 04:32:06,964 - httpx - INFO - HTTP Request: GET http://localhost:3002/status "HTTP/1.1 200 OK"
2026-04-14 04:32:09,029 - httpx - INFO - HTTP Request: GET http://localhost:3001/status "HTTP/1.1 200 OK"
2026-04-14 04:32:09,032 - httpx - INFO - HTTP Request: GET http://localhost:3002/status "HTTP/1.1 200 OK"
2026-04-14 04:32:11,121 - httpx - INFO - HTTP Request: GET http://localhost:3001/status "HTTP/1.1 200 OK"
2026-04-14 04:32:11,125 - httpx - INFO - HTTP Request: GET http://localhost:3002/status "HTTP/1.1 200 OK"
2026-04-14 04:32:13,210 - httpx - INFO - HTTP Request: GET http://localhost:3001/status "HTTP/1.1 200 OK"
2026-04-14 04:32:13,220 - httpx - INFO - HTTP Request: GET http://localhost:3002/status "HTTP/1.1 200 OK"
2026-04-14 04:32:15,266 - httpx - INFO - HTTP Request: GET http://localhost:3001/status "HTTP/1.1 200 OK"
2026-04-14 04:32:15,270 - httpx - INFO - HTTP Request: GET http://localhost:3002/status "HTTP/1.1 200 OK"
2026-04-14 04:32:17,321 - httpx - INFO - HTTP Request: GET http://localhost:3001/status "HTTP/1.1 200 OK"
2026-04-14 04:32:17,323 - httpx - INFO - HTTP Request: GET http://localhost:3002/status "HTTP/1.1 200 OK"
2026-04-14 04:32:19,431 - httpx - INFO - HTTP Request: GET http://localhost:3001/status "HTTP/1.1 200 OK"
2026-04-14 04:32:19,436 - httpx - INFO - HTTP Request: GET http://localhost:3002/status "HTTP/1.1 200 OK"
2026-04-14 04:32:21,548 - httpx - INFO - HTTP Request: GET http://localhost:3001/status "HTTP/1.1 200 OK"
2026-04-14 04:32:21,550 - httpx - INFO - HTTP Request: GET http://localhost:3002/status "HTTP/1.1 200 OK"
2026-04-14 04:32:23,598 - httpx - INFO - HTTP Request: GET http://localhost:3001/status "HTTP/1.1 200 OK"
2026-04-14 04:32:23,600 - httpx - INFO - HTTP Request: GET http://localhost:3002/status "HTTP/1.1 200 OK"
2026-04-14 04:32:25,731 - httpx - INFO - HTTP Request: GET http://localhost:3001/status "HTTP/1.1 200 OK"
2026-04-14 04:32:25,733 - httpx - INFO - HTTP Request: GET http://localhost:3002/status "HTTP/1.1 200 OK"
2026-04-14 04:32:27,850 - httpx - INFO - HTTP Request: GET http://localhost:3001/status "HTTP/1.1 200 OK"
2026-04-14 04:32:27,867 - httpx - INFO - HTTP Request: GET http://localhost:3002/status "HTTP/1.1 200 OK"
2026-04-14 04:32:29,946 - httpx - INFO - HTTP Request: GET http://localhost:3001/status "HTTP/1.1 200 OK"
2026-04-14 04:32:29,952 - httpx - INFO - HTTP Request: GET http://localhost:3002/status "HTTP/1.1 200 OK"
2026-04-14 04:32:32,032 - httpx - INFO - HTTP Request: GET http://localhost:3001/status "HTTP/1.1 200 OK"
2026-04-14 04:32:32,042 - httpx - INFO - HTTP Request: GET http://localhost:3002/status "HTTP/1.1 200 OK"
2026-04-14 04:32:34,125 - httpx - INFO - HTTP Request: GET http://localhost:3001/status "HTTP/1.1 200 OK"
2026-04-14 04:32:34,128 - httpx - INFO - HTTP Request: GET http://localhost:3002/status "HTTP/1.1 200 OK"
2026-04-14 04:32:36,221 - httpx - INFO - HTTP Request: GET http://localhost:3001/status "HTTP/1.1 200 OK"
2026-04-14 04:32:36,232 - httpx - INFO - HTTP Request: GET http://localhost:3002/status "HTTP/1.1 200 OK"
2026-04-14 04:32:38,288 - httpx - INFO - HTTP Request: GET http://localhost:3001/status "HTTP/1.1 200 OK"
2026-04-14 04:32:38,300 - httpx - INFO - HTTP Request: GET http://localhost:3002/status "HTTP/1.1 200 OK"
2026-04-14 04:32:40,355 - httpx - INFO - HTTP Request: GET http://localhost:3001/status "HTTP/1.1 200 OK"
2026-04-14 04:32:40,358 - httpx - INFO - HTTP Request: GET http://localhost:3002/status "HTTP/1.1 200 OK"
2026-04-14 04:32:42,426 - httpx - INFO - HTTP Request: GET http://localhost:3001/status "HTTP/1.1 200 OK"
2026-04-14 04:32:42,428 - httpx - INFO - HTTP Request: GET http://localhost:3002/status "HTTP/1.1 200 OK"
2026-04-14 04:32:44,524 - httpx - INFO - HTTP Request: GET http://localhost:3001/status "HTTP/1.1 200 OK"
2026-04-14 04:32:44,529 - httpx - INFO - HTTP Request: GET http://localhost:3002/status "HTTP/1.1 200 OK"
2026-04-14 04:32:46,587 - httpx - INFO - HTTP Request: GET http://localhost:3001/status "HTTP/1.1 200 OK"
2026-04-14 04:32:46,610 - httpx - INFO - HTTP Request: GET http://localhost:3002/status "HTTP/1.1 200 OK"
2026-04-14 04:32:48,673 - httpx - INFO - HTTP Request: GET http://localhost:3001/status "HTTP/1.1 200 OK"
2026-04-14 04:32:48,677 - httpx - INFO - HTTP Request: GET http://localhost:3002/status "HTTP/1.1 200 OK"
2026-04-14 04:32:50,736 - httpx - INFO - HTTP Request: GET http://localhost:3001/status "HTTP/1.1 200 OK"
2026-04-14 04:32:50,743 - httpx - INFO - HTTP Request: GET http://localhost:3002/status "HTTP/1.1 200 OK"
2026-04-14 04:32:52,812 - httpx - INFO - HTTP Request: GET http://localhost:3002/status "HTTP/1.1 200 OK"
2026-04-14 04:32:52,813 - httpx - INFO - HTTP Request: GET http://localhost:3001/status "HTTP/1.1 200 OK"
2026-04-14 04:32:54,880 - httpx - INFO - HTTP Request: GET http://localhost:3001/status "HTTP/1.1 200 OK"
2026-04-14 04:32:54,889 - httpx - INFO - HTTP Request: GET http://localhost:3002/status "HTTP/1.1 200 OK"
2026-04-14 04:32:56,957 - httpx - INFO - HTTP Request: GET http://localhost:3001/status "HTTP/1.1 200 OK"
2026-04-14 04:32:56,960 - httpx - INFO - HTTP Request: GET http://localhost:3002/status "HTTP/1.1 200 OK"
2026-04-14 04:32:59,006 - httpx - INFO - HTTP Request: GET http://localhost:3002/status "HTTP/1.1 200 OK"
2026-04-14 04:32:59,010 - httpx - INFO - HTTP Request: GET http://localhost:3001/status "HTTP/1.1 200 OK"
2026-04-14 04:33:01,076 - httpx - INFO - HTTP Request: GET http://localhost:3001/status "HTTP/1.1 200 OK"
2026-04-14 04:33:01,082 - httpx - INFO - HTTP Request: GET http://localhost:3002/status "HTTP/1.1 200 OK"
2026-04-14 04:33:03,232 - httpx - INFO - HTTP Request: GET http://localhost:3001/status "HTTP/1.1 200 OK"
2026-04-14 04:33:03,236 - httpx - INFO - HTTP Request: GET http://localhost:3002/status "HTTP/1.1 200 OK"
2026-04-14 04:33:05,356 - httpx - INFO - HTTP Request: GET http://localhost:3001/status "HTTP/1.1 200 OK"
2026-04-14 04:33:05,370 - httpx - INFO - HTTP Request: GET http://localhost:3002/status "HTTP/1.1 200 OK"
2026-04-14 04:33:07,507 - httpx - INFO - HTTP Request: GET http://localhost:3001/status "HTTP/1.1 200 OK"
2026-04-14 04:33:07,511 - httpx - INFO - HTTP Request: GET http://localhost:3002/status "HTTP/1.1 200 OK"
2026-04-14 04:33:09,564 - httpx - INFO - HTTP Request: GET http://localhost:3001/status "HTTP/1.1 200 OK"
2026-04-14 04:33:09,567 - httpx - INFO - HTTP Request: GET http://localhost:3002/status "HTTP/1.1 200 OK"
2026-04-14 04:33:11,607 - httpx - INFO - HTTP Request: GET http://localhost:3001/status "HTTP/1.1 200 OK"
2026-04-14 04:33:11,612 - httpx - INFO - HTTP Request: GET http://localhost:3002/status "HTTP/1.1 200 OK"
2026-04-14 04:33:13,691 - httpx - INFO - HTTP Request: GET http://localhost:3001/status "HTTP/1.1 200 OK"
2026-04-14 04:33:13,694 - httpx - INFO - HTTP Request: GET http://localhost:3002/status "HTTP/1.1 200 OK"
2026-04-14 04:33:15,755 - httpx - INFO - HTTP Request: GET http://localhost:3001/status "HTTP/1.1 200 OK"
2026-04-14 04:33:15,758 - httpx - INFO - HTTP Request: GET http://localhost:3002/status "HTTP/1.1 200 OK"
2026-04-14 04:33:17,804 - httpx - INFO - HTTP Request: GET http://localhost:3001/status "HTTP/1.1 200 OK"
2026-04-14 04:33:17,808 - httpx - INFO - HTTP Request: GET http://localhost:3002/status "HTTP/1.1 200 OK"
2026-04-14 04:33:19,863 - httpx - INFO - HTTP Request: GET http://localhost:3001/status "HTTP/1.1 200 OK"
2026-04-14 04:33:19,867 - httpx - INFO - HTTP Request: GET http://localhost:3002/status "HTTP/1.1 200 OK"
2026-04-14 04:33:21,931 - httpx - INFO - HTTP Request: GET http://localhost:3001/status "HTTP/1.1 200 OK"
2026-04-14 04:33:21,936 - httpx - INFO - HTTP Request: GET http://localhost:3002/status "HTTP/1.1 200 OK"
2026-04-14 04:33:23,994 - httpx - INFO - HTTP Request: GET http://localhost:3002/status "HTTP/1.1 200 OK"
2026-04-14 04:33:23,998 - httpx - INFO - HTTP Request: GET http://localhost:3001/status "HTTP/1.1 200 OK"
2026-04-14 04:33:26,088 - httpx - INFO - HTTP Request: GET http://localhost:3001/status "HTTP/1.1 200 OK"
2026-04-14 04:33:26,156 - httpx - INFO - HTTP Request: GET http://localhost:3002/status "HTTP/1.1 200 OK"
2026-04-14 04:33:28,229 - httpx - INFO - HTTP Request: GET http://localhost:3001/status "HTTP/1.1 200 OK"
2026-04-14 04:33:28,236 - httpx - INFO - HTTP Request: GET http://localhost:3002/status "HTTP/1.1 200 OK"
2026-04-14 04:33:30,386 - httpx - INFO - HTTP Request: GET http://localhost:3001/status "HTTP/1.1 200 OK"
2026-04-14 04:33:30,399 - httpx - INFO - HTTP Request: GET http://localhost:3002/status "HTTP/1.1 200 OK"
2026-04-14 04:33:32,477 - httpx - INFO - HTTP Request: GET http://localhost:3001/status "HTTP/1.1 200 OK"
2026-04-14 04:33:32,481 - httpx - INFO - HTTP Request: GET http://localhost:3002/status "HTTP/1.1 200 OK"
2026-04-14 04:33:34,566 - httpx - INFO - HTTP Request: GET http://localhost:3001/status "HTTP/1.1 200 OK"
2026-04-14 04:33:34,568 - httpx - INFO - HTTP Request: GET http://localhost:3002/status "HTTP/1.1 200 OK"
2026-04-14 04:33:36,632 - httpx - INFO - HTTP Request: GET http://localhost:3001/status "HTTP/1.1 200 OK"
2026-04-14 04:33:36,635 - httpx - INFO - HTTP Request: GET http://localhost:3002/status "HTTP/1.1 200 OK"
2026-04-14 04:33:38,741 - httpx - INFO - HTTP Request: GET http://localhost:3001/status "HTTP/1.1 200 OK"
2026-04-14 04:33:38,744 - httpx - INFO - HTTP Request: GET http://localhost:3002/status "HTTP/1.1 200 OK"
2026-04-14 04:33:40,803 - httpx - INFO - HTTP Request: GET http://localhost:3001/status "HTTP/1.1 200 OK"
2026-04-14 04:33:40,809 - httpx - INFO - HTTP Request: GET http://localhost:3002/status "HTTP/1.1 200 OK"
2026-04-14 04:33:42,868 - httpx - INFO - HTTP Request: GET http://localhost:3001/status "HTTP/1.1 200 OK"
2026-04-14 04:33:42,873 - httpx - INFO - HTTP Request: GET http://localhost:3002/status "HTTP/1.1 200 OK"
2026-04-14 04:33:44,922 - httpx - INFO - HTTP Request: GET http://localhost:3001/status "HTTP/1.1 200 OK"
2026-04-14 04:33:44,923 - httpx - INFO - HTTP Request: GET http://localhost:3002/status "HTTP/1.1 200 OK"
2026-04-14 04:33:46,994 - httpx - INFO - HTTP Request: GET http://localhost:3001/status "HTTP/1.1 200 OK"
2026-04-14 04:33:47,000 - httpx - INFO - HTTP Request: GET http://localhost:3002/status "HTTP/1.1 200 OK"
2026-04-14 04:33:49,108 - httpx - INFO - HTTP Request: GET http://localhost:3001/status "HTTP/1.1 200 OK"
2026-04-14 04:33:49,129 - httpx - INFO - HTTP Request: GET http://localhost:3002/status "HTTP/1.1 200 OK"
2026-04-14 04:33:51,209 - httpx - INFO - HTTP Request: GET http://localhost:3001/status "HTTP/1.1 200 OK"
2026-04-14 04:33:51,231 - httpx - INFO - HTTP Request: GET http://localhost:3002/status "HTTP/1.1 200 OK"
2026-04-14 04:33:53,314 - httpx - INFO - HTTP Request: GET http://localhost:3002/status "HTTP/1.1 200 OK"
2026-04-14 04:33:53,315 - httpx - INFO - HTTP Request: GET http://localhost:3001/status "HTTP/1.1 200 OK"
2026-04-14 04:33:55,327 - httpx - INFO - HTTP Request: GET http://localhost:3001/status "HTTP/1.1 200 OK"
2026-04-14 04:33:55,328 - httpx - INFO - HTTP Request: GET http://localhost:3002/status "HTTP/1.1 200 OK"
2026-04-14 04:33:57,364 - httpx - INFO - HTTP Request: GET http://localhost:3002/status "HTTP/1.1 200 OK"
2026-04-14 04:33:57,368 - httpx - INFO - HTTP Request: GET http://localhost:3001/status "HTTP/1.1 200 OK"
2026-04-14 04:33:59,426 - httpx - INFO - HTTP Request: GET http://localhost:3001/status "HTTP/1.1 200 OK"
2026-04-14 04:33:59,430 - httpx - INFO - HTTP Request: GET http://localhost:3002/status "HTTP/1.1 200 OK"
2026-04-14 04:34:01,514 - httpx - INFO - HTTP Request: GET http://localhost:3001/status "HTTP/1.1 200 OK"
2026-04-14 04:34:01,542 - httpx - INFO - HTTP Request: GET http://localhost:3002/status "HTTP/1.1 200 OK"
2026-04-14 04:34:03,620 - httpx - INFO - HTTP Request: GET http://localhost:3001/status "HTTP/1.1 200 OK"
2026-04-14 04:34:03,623 - httpx - INFO - HTTP Request: GET http://localhost:3002/status "HTTP/1.1 200 OK"
2026-04-14 04:34:05,669 - httpx - INFO - HTTP Request: GET http://localhost:3001/status "HTTP/1.1 200 OK"
2026-04-14 04:34:05,681 - httpx - INFO - HTTP Request: GET http://localhost:3002/status "HTTP/1.1 200 OK"
2026-04-14 04:34:07,736 - httpx - INFO - HTTP Request: GET http://localhost:3001/status "HTTP/1.1 200 OK"
2026-04-14 04:34:07,745 - httpx - INFO - HTTP Request: GET http://localhost:3002/status "HTTP/1.1 200 OK"
2026-04-14 04:34:09,822 - httpx - INFO - HTTP Request: GET http://localhost:3001/status "HTTP/1.1 200 OK"
2026-04-14 04:34:09,829 - httpx - INFO - HTTP Request: GET http://localhost:3002/status "HTTP/1.1 200 OK"
2026-04-14 04:34:11,937 - httpx - INFO - HTTP Request: GET http://localhost:3001/status "HTTP/1.1 200 OK"
2026-04-14 04:34:11,939 - httpx - INFO - HTTP Request: GET http://localhost:3002/status "HTTP/1.1 200 OK"
2026-04-14 04:34:13,997 - httpx - INFO - HTTP Request: GET http://localhost:3001/status "HTTP/1.1 200 OK"
2026-04-14 04:34:14,001 - httpx - INFO - HTTP Request: GET http://localhost:3002/status "HTTP/1.1 200 OK"
2026-04-14 04:34:16,059 - httpx - INFO - HTTP Request: GET http://localhost:3001/status "HTTP/1.1 200 OK"
2026-04-14 04:34:16,062 - httpx - INFO - HTTP Request: GET http://localhost:3002/status "HTTP/1.1 200 OK"
2026-04-14 04:34:18,183 - httpx - INFO - HTTP Request: GET http://localhost:3001/status "HTTP/1.1 200 OK"
2026-04-14 04:34:18,190 - httpx - INFO - HTTP Request: GET http://localhost:3002/status "HTTP/1.1 200 OK"
2026-04-14 04:34:20,263 - httpx - INFO - HTTP Request: GET http://localhost:3001/status "HTTP/1.1 200 OK"
2026-04-14 04:34:20,264 - httpx - INFO - HTTP Request: GET http://localhost:3002/status "HTTP/1.1 200 OK"
2026-04-14 04:34:22,325 - httpx - INFO - HTTP Request: GET http://localhost:3001/status "HTTP/1.1 200 OK"
2026-04-14 04:34:22,327 - httpx - INFO - HTTP Request: GET http://localhost:3002/status "HTTP/1.1 200 OK"
2026-04-14 04:34:24,372 - httpx - INFO - HTTP Request: GET http://localhost:3001/status "HTTP/1.1 200 OK"
2026-04-14 04:34:24,374 - httpx - INFO - HTTP Request: GET http://localhost:3002/status "HTTP/1.1 200 OK"
2026-04-14 04:34:26,540 - httpx - INFO - HTTP Request: GET http://localhost:3001/status "HTTP/1.1 200 OK"
2026-04-14 04:34:26,547 - httpx - INFO - HTTP Request: GET http://localhost:3002/status "HTTP/1.1 200 OK"
2026-04-14 04:34:28,652 - httpx - INFO - HTTP Request: GET http://localhost:3001/status "HTTP/1.1 200 OK"
2026-04-14 04:34:28,660 - httpx - INFO - HTTP Request: GET http://localhost:3002/status "HTTP/1.1 200 OK"
2026-04-14 04:34:30,709 - httpx - INFO - HTTP Request: GET http://localhost:3001/status "HTTP/1.1 200 OK"
2026-04-14 04:34:30,712 - httpx - INFO - HTTP Request: GET http://localhost:3002/status "HTTP/1.1 200 OK"
2026-04-14 04:34:32,753 - httpx - INFO - HTTP Request: GET http://localhost:3001/status "HTTP/1.1 200 OK"
2026-04-14 04:34:32,754 - httpx - INFO - HTTP Request: GET http://localhost:3002/status "HTTP/1.1 200 OK"
2026-04-14 04:34:34,831 - httpx - INFO - HTTP Request: GET http://localhost:3001/status "HTTP/1.1 200 OK"
2026-04-14 04:34:34,837 - httpx - INFO - HTTP Request: GET http://localhost:3002/status "HTTP/1.1 200 OK"
2026-04-14 04:34:36,897 - httpx - INFO - HTTP Request: GET http://localhost:3001/status "HTTP/1.1 200 OK"
2026-04-14 04:34:36,909 - httpx - INFO - HTTP Request: GET http://localhost:3002/status "HTTP/1.1 200 OK"
2026-04-14 04:34:38,972 - httpx - INFO - HTTP Request: GET http://localhost:3001/status "HTTP/1.1 200 OK"
2026-04-14 04:34:38,975 - httpx - INFO - HTTP Request: GET http://localhost:3002/status "HTTP/1.1 200 OK"
2026-04-14 04:34:41,048 - httpx - INFO - HTTP Request: GET http://localhost:3001/status "HTTP/1.1 200 OK"
2026-04-14 04:34:41,100 - httpx - INFO - HTTP Request: GET http://localhost:3002/status "HTTP/1.1 200 OK"
2026-04-14 04:34:43,183 - httpx - INFO - HTTP Request: GET http://localhost:3001/status "HTTP/1.1 200 OK"
2026-04-14 04:34:43,184 - httpx - INFO - HTTP Request: GET http://localhost:3002/status "HTTP/1.1 200 OK"
2026-04-14 04:34:45,234 - httpx - INFO - HTTP Request: GET http://localhost:3001/status "HTTP/1.1 200 OK"
2026-04-14 04:34:45,238 - httpx - INFO - HTTP Request: GET http://localhost:3002/status "HTTP/1.1 200 OK"
2026-04-14 04:34:47,319 - httpx - INFO - HTTP Request: GET http://localhost:3001/status "HTTP/1.1 200 OK"
2026-04-14 04:34:47,324 - httpx - INFO - HTTP Request: GET http://localhost:3002/status "HTTP/1.1 200 OK"
2026-04-14 04:34:49,381 - httpx - INFO - HTTP Request: GET http://localhost:3001/status "HTTP/1.1 200 OK"
2026-04-14 04:34:49,385 - httpx - INFO - HTTP Request: GET http://localhost:3002/status "HTTP/1.1 200 OK"
2026-04-14 04:34:51,497 - httpx - INFO - HTTP Request: GET http://localhost:3001/status "HTTP/1.1 200 OK"
2026-04-14 04:34:51,532 - httpx - INFO - HTTP Request: GET http://localhost:3002/status "HTTP/1.1 200 OK"
2026-04-14 04:34:53,599 - httpx - INFO - HTTP Request: GET http://localhost:3001/status "HTTP/1.1 200 OK"
2026-04-14 04:34:53,602 - httpx - INFO - HTTP Request: GET http://localhost:3002/status "HTTP/1.1 200 OK"
2026-04-14 04:34:55,671 - httpx - INFO - HTTP Request: GET http://localhost:3001/status "HTTP/1.1 200 OK"
2026-04-14 04:34:55,674 - httpx - INFO - HTTP Request: GET http://localhost:3002/status "HTTP/1.1 200 OK"
2026-04-14 04:34:57,725 - httpx - INFO - HTTP Request: GET http://localhost:3001/status "HTTP/1.1 200 OK"
2026-04-14 04:34:57,732 - httpx - INFO - HTTP Request: GET http://localhost:3002/status "HTTP/1.1 200 OK"
2026-04-14 04:34:59,806 - httpx - INFO - HTTP Request: GET http://localhost:3001/status "HTTP/1.1 200 OK"
2026-04-14 04:34:59,845 - httpx - INFO - HTTP Request: GET http://localhost:3002/status "HTTP/1.1 200 OK"
2026-04-14 04:35:01,914 - httpx - INFO - HTTP Request: GET http://localhost:3001/status "HTTP/1.1 200 OK"
2026-04-14 04:35:01,917 - httpx - INFO - HTTP Request: GET http://localhost:3002/status "HTTP/1.1 200 OK"
2026-04-14 04:35:03,988 - httpx - INFO - HTTP Request: GET http://localhost:3001/status "HTTP/1.1 200 OK"
2026-04-14 04:35:03,992 - httpx - INFO - HTTP Request: GET http://localhost:3002/status "HTTP/1.1 200 OK"
2026-04-14 04:35:06,078 - httpx - INFO - HTTP Request: GET http://localhost:3001/status "HTTP/1.1 200 OK"
2026-04-14 04:35:06,082 - httpx - INFO - HTTP Request: GET http://localhost:3002/status "HTTP/1.1 200 OK"
2026-04-14 04:35:08,151 - httpx - INFO - HTTP Request: GET http://localhost:3001/status "HTTP/1.1 200 OK"
2026-04-14 04:35:08,180 - httpx - INFO - HTTP Request: GET http://localhost:3002/status "HTTP/1.1 200 OK"
2026-04-14 04:35:10,244 - httpx - INFO - HTTP Request: GET http://localhost:3001/status "HTTP/1.1 200 OK"
2026-04-14 04:35:10,254 - httpx - INFO - HTTP Request: GET http://localhost:3002/status "HTTP/1.1 200 OK"
2026-04-14 04:35:12,337 - httpx - INFO - HTTP Request: GET http://localhost:3001/status "HTTP/1.1 200 OK"
2026-04-14 04:35:12,341 - httpx - INFO - HTTP Request: GET http://localhost:3002/status "HTTP/1.1 200 OK"
2026-04-14 04:35:14,439 - httpx - INFO - HTTP Request: GET http://localhost:3001/status "HTTP/1.1 200 OK"
2026-04-14 04:35:14,443 - httpx - INFO - HTTP Request: GET http://localhost:3002/status "HTTP/1.1 200 OK"
2026-04-14 04:35:16,579 - httpx - INFO - HTTP Request: GET http://localhost:3001/status "HTTP/1.1 200 OK"
2026-04-14 04:35:16,584 - httpx - INFO - HTTP Request: GET http://localhost:3002/status "HTTP/1.1 200 OK"
2026-04-14 04:35:18,639 - httpx - INFO - HTTP Request: GET http://localhost:3001/status "HTTP/1.1 200 OK"
2026-04-14 04:35:18,660 - httpx - INFO - HTTP Request: GET http://localhost:3002/status "HTTP/1.1 200 OK"
2026-04-14 04:35:20,722 - httpx - INFO - HTTP Request: GET http://localhost:3001/status "HTTP/1.1 200 OK"
2026-04-14 04:35:20,724 - httpx - INFO - HTTP Request: GET http://localhost:3002/status "HTTP/1.1 200 OK"
2026-04-14 04:35:22,830 - httpx - INFO - HTTP Request: GET http://localhost:3001/status "HTTP/1.1 200 OK"
2026-04-14 04:35:22,832 - httpx - INFO - HTTP Request: GET http://localhost:3002/status "HTTP/1.1 200 OK"
2026-04-14 04:35:24,892 - httpx - INFO - HTTP Request: GET http://localhost:3001/status "HTTP/1.1 200 OK"
2026-04-14 04:35:24,909 - httpx - INFO - HTTP Request: GET http://localhost:3002/status "HTTP/1.1 200 OK"
2026-04-14 04:35:26,994 - httpx - INFO - HTTP Request: GET http://localhost:3001/status "HTTP/1.1 200 OK"
2026-04-14 04:35:27,002 - httpx - INFO - HTTP Request: GET http://localhost:3002/status "HTTP/1.1 200 OK"
2026-04-14 04:35:29,065 - httpx - INFO - HTTP Request: GET http://localhost:3001/status "HTTP/1.1 200 OK"
2026-04-14 04:35:29,069 - httpx - INFO - HTTP Request: GET http://localhost:3002/status "HTTP/1.1 200 OK"
2026-04-14 04:35:31,143 - httpx - INFO - HTTP Request: GET http://localhost:3001/status "HTTP/1.1 200 OK"
2026-04-14 04:35:31,144 - httpx - INFO - HTTP Request: GET http://localhost:3002/status "HTTP/1.1 200 OK"
2026-04-14 04:35:33,189 - httpx - INFO - HTTP Request: GET http://localhost:3001/status "HTTP/1.1 200 OK"
2026-04-14 04:35:33,192 - httpx - INFO - HTTP Request: GET http://localhost:3002/status "HTTP/1.1 200 OK"
2026-04-14 04:35:35,251 - httpx - INFO - HTTP Request: GET http://localhost:3001/status "HTTP/1.1 200 OK"
2026-04-14 04:35:35,253 - httpx - INFO - HTTP Request: GET http://localhost:3002/status "HTTP/1.1 200 OK"
2026-04-14 04:35:37,317 - httpx - INFO - HTTP Request: GET http://localhost:3001/status "HTTP/1.1 200 OK"
2026-04-14 04:35:37,327 - httpx - INFO - HTTP Request: GET http://localhost:3002/status "HTTP/1.1 200 OK"
2026-04-14 04:35:39,402 - httpx - INFO - HTTP Request: GET http://localhost:3001/status "HTTP/1.1 200 OK"
2026-04-14 04:35:39,464 - httpx - INFO - HTTP Request: GET http://localhost:3002/status "HTTP/1.1 200 OK"
2026-04-14 04:35:41,519 - httpx - INFO - HTTP Request: GET http://localhost:3001/status "HTTP/1.1 200 OK"
2026-04-14 04:35:41,521 - httpx - INFO - HTTP Request: GET http://localhost:3002/status "HTTP/1.1 200 OK"
2026-04-14 04:35:43,650 - httpx - INFO - HTTP Request: GET http://localhost:3001/status "HTTP/1.1 200 OK"
2026-04-14 04:35:43,657 - httpx - INFO - HTTP Request: GET http://localhost:3002/status "HTTP/1.1 200 OK"
2026-04-14 04:35:45,696 - httpx - INFO - HTTP Request: GET http://localhost:3001/status "HTTP/1.1 200 OK"
2026-04-14 04:35:45,698 - httpx - INFO - HTTP Request: GET http://localhost:3002/status "HTTP/1.1 200 OK"
2026-04-14 04:35:47,775 - httpx - INFO - HTTP Request: GET http://localhost:3001/status "HTTP/1.1 200 OK"
2026-04-14 04:35:47,786 - httpx - INFO - HTTP Request: GET http://localhost:3002/status "HTTP/1.1 200 OK"
2026-04-14 04:35:49,861 - httpx - INFO - HTTP Request: GET http://localhost:3001/status "HTTP/1.1 200 OK"
2026-04-14 04:35:49,863 - httpx - INFO - HTTP Request: GET http://localhost:3002/status "HTTP/1.1 200 OK"
2026-04-14 04:35:52,025 - httpx - INFO - HTTP Request: GET http://localhost:3001/status "HTTP/1.1 200 OK"
2026-04-14 04:35:52,039 - httpx - INFO - HTTP Request: GET http://localhost:3002/status "HTTP/1.1 200 OK"
2026-04-14 04:35:54,105 - httpx - INFO - HTTP Request: GET http://localhost:3001/status "HTTP/1.1 200 OK"
2026-04-14 04:35:54,116 - httpx - INFO - HTTP Request: GET http://localhost:3002/status "HTTP/1.1 200 OK"
2026-04-14 04:35:56,153 - httpx - INFO - HTTP Request: GET http://localhost:3001/status "HTTP/1.1 200 OK"
2026-04-14 04:35:56,155 - httpx - INFO - HTTP Request: GET http://localhost:3002/status "HTTP/1.1 200 OK"
2026-04-14 04:35:58,232 - httpx - INFO - HTTP Request: GET http://localhost:3001/status "HTTP/1.1 200 OK"
2026-04-14 04:35:58,237 - httpx - INFO - HTTP Request: GET http://localhost:3002/status "HTTP/1.1 200 OK"
2026-04-14 04:36:00,322 - httpx - INFO - HTTP Request: GET http://localhost:3001/status "HTTP/1.1 200 OK"
2026-04-14 04:36:00,394 - httpx - INFO - HTTP Request: GET http://localhost:3002/status "HTTP/1.1 200 OK"
2026-04-14 04:36:02,502 - httpx - INFO - HTTP Request: GET http://localhost:3001/status "HTTP/1.1 200 OK"
2026-04-14 04:36:02,506 - httpx - INFO - HTTP Request: GET http://localhost:3002/status "HTTP/1.1 200 OK"
2026-04-14 04:36:04,576 - httpx - INFO - HTTP Request: GET http://localhost:3001/status "HTTP/1.1 200 OK"
2026-04-14 04:36:04,581 - httpx - INFO - HTTP Request: GET http://localhost:3002/status "HTTP/1.1 200 OK"
2026-04-14 04:36:06,710 - httpx - INFO - HTTP Request: GET http://localhost:3001/status "HTTP/1.1 200 OK"
2026-04-14 04:36:06,730 - httpx - INFO - HTTP Request: GET http://localhost:3002/status "HTTP/1.1 200 OK"
2026-04-14 04:36:08,890 - httpx - INFO - HTTP Request: GET http://localhost:3001/status "HTTP/1.1 200 OK"
2026-04-14 04:36:08,928 - httpx - INFO - HTTP Request: GET http://localhost:3002/status "HTTP/1.1 200 OK"
2026-04-14 04:36:11,004 - httpx - INFO - HTTP Request: GET http://localhost:3001/status "HTTP/1.1 200 OK"
2026-04-14 04:36:11,010 - httpx - INFO - HTTP Request: GET http://localhost:3002/status "HTTP/1.1 200 OK"
2026-04-14 04:36:13,054 - httpx - INFO - HTTP Request: GET http://localhost:3001/status "HTTP/1.1 200 OK"
2026-04-14 04:36:13,056 - httpx - INFO - HTTP Request: GET http://localhost:3002/status "HTTP/1.1 200 OK"
2026-04-14 04:36:15,098 - httpx - INFO - HTTP Request: GET http://localhost:3002/status "HTTP/1.1 200 OK"
2026-04-14 04:36:15,100 - httpx - INFO - HTTP Request: GET http://localhost:3001/status "HTTP/1.1 200 OK"
2026-04-14 04:36:17,147 - httpx - INFO - HTTP Request: GET http://localhost:3001/status "HTTP/1.1 200 OK"
2026-04-14 04:36:17,149 - httpx - INFO - HTTP Request: GET http://localhost:3002/status "HTTP/1.1 200 OK"
2026-04-14 04:36:19,217 - httpx - INFO - HTTP Request: GET http://localhost:3001/status "HTTP/1.1 200 OK"
2026-04-14 04:36:19,219 - httpx - INFO - HTTP Request: GET http://localhost:3002/status "HTTP/1.1 200 OK"
2026-04-14 04:36:21,257 - httpx - INFO - HTTP Request: GET http://localhost:3001/status "HTTP/1.1 200 OK"
2026-04-14 04:36:21,258 - httpx - INFO - HTTP Request: GET http://localhost:3002/status "HTTP/1.1 200 OK"
2026-04-14 04:36:23,307 - httpx - INFO - HTTP Request: GET http://localhost:3001/status "HTTP/1.1 200 OK"
2026-04-14 04:36:23,335 - httpx - INFO - HTTP Request: GET http://localhost:3002/status "HTTP/1.1 200 OK"
2026-04-14 04:36:25,458 - httpx - INFO - HTTP Request: GET http://localhost:3002/status "HTTP/1.1 200 OK"
2026-04-14 04:36:25,469 - httpx - INFO - HTTP Request: GET http://localhost:3001/status "HTTP/1.1 200 OK"
2026-04-14 04:36:27,521 - httpx - INFO - HTTP Request: GET http://localhost:3001/status "HTTP/1.1 200 OK"
2026-04-14 04:36:27,526 - httpx - INFO - HTTP Request: GET http://localhost:3002/status "HTTP/1.1 200 OK"
2026-04-14 04:36:29,633 - httpx - INFO - HTTP Request: GET http://localhost:3001/status "HTTP/1.1 200 OK"
2026-04-14 04:36:29,657 - httpx - INFO - HTTP Request: GET http://localhost:3002/status "HTTP/1.1 200 OK"
2026-04-14 04:36:31,763 - httpx - INFO - HTTP Request: GET http://localhost:3001/status "HTTP/1.1 200 OK"
2026-04-14 04:36:31,771 - httpx - INFO - HTTP Request: GET http://localhost:3002/status "HTTP/1.1 200 OK"
2026-04-14 04:36:33,837 - httpx - INFO - HTTP Request: GET http://localhost:3001/status "HTTP/1.1 200 OK"
2026-04-14 04:36:33,841 - httpx - INFO - HTTP Request: GET http://localhost:3002/status "HTTP/1.1 200 OK"
2026-04-14 04:36:35,886 - httpx - INFO - HTTP Request: GET http://localhost:3001/status "HTTP/1.1 200 OK"
2026-04-14 04:36:35,889 - httpx - INFO - HTTP Request: GET http://localhost:3002/status "HTTP/1.1 200 OK"
2026-04-14 04:36:37,957 - httpx - INFO - HTTP Request: GET http://localhost:3001/status "HTTP/1.1 200 OK"
2026-04-14 04:36:37,960 - httpx - INFO - HTTP Request: GET http://localhost:3002/status "HTTP/1.1 200 OK"
2026-04-14 04:36:40,015 - httpx - INFO - HTTP Request: GET http://localhost:3001/status "HTTP/1.1 200 OK"
2026-04-14 04:36:40,027 - httpx - INFO - HTTP Request: GET http://localhost:3002/status "HTTP/1.1 200 OK"
2026-04-14 04:36:42,071 - httpx - INFO - HTTP Request: GET http://localhost:3001/status "HTTP/1.1 200 OK"
2026-04-14 04:36:42,109 - httpx - INFO - HTTP Request: GET http://localhost:3002/status "HTTP/1.1 200 OK"
2026-04-14 04:36:44,252 - httpx - INFO - HTTP Request: GET http://localhost:3001/status "HTTP/1.1 200 OK"
2026-04-14 04:36:44,258 - httpx - INFO - HTTP Request: GET http://localhost:3002/status "HTTP/1.1 200 OK"
2026-04-14 04:36:46,313 - httpx - INFO - HTTP Request: GET http://localhost:3001/status "HTTP/1.1 200 OK"
2026-04-14 04:36:46,318 - httpx - INFO - HTTP Request: GET http://localhost:3002/status "HTTP/1.1 200 OK"
2026-04-14 04:36:48,382 - httpx - INFO - HTTP Request: GET http://localhost:3001/status "HTTP/1.1 200 OK"
2026-04-14 04:36:48,387 - httpx - INFO - HTTP Request: GET http://localhost:3002/status "HTTP/1.1 200 OK"
2026-04-14 04:36:50,453 - httpx - INFO - HTTP Request: GET http://localhost:3001/status "HTTP/1.1 200 OK"
2026-04-14 04:36:50,457 - httpx - INFO - HTTP Request: GET http://localhost:3002/status "HTTP/1.1 200 OK"
2026-04-14 04:36:52,518 - httpx - INFO - HTTP Request: GET http://localhost:3001/status "HTTP/1.1 200 OK"
2026-04-14 04:36:52,522 - httpx - INFO - HTTP Request: GET http://localhost:3002/status "HTTP/1.1 200 OK"
2026-04-14 04:36:54,549 - httpx - INFO - HTTP Request: GET http://localhost:3001/status "HTTP/1.1 200 OK"
2026-04-14 04:36:54,550 - httpx - INFO - HTTP Request: GET http://localhost:3002/status "HTTP/1.1 200 OK"
2026-04-14 04:36:56,610 - httpx - INFO - HTTP Request: GET http://localhost:3001/status "HTTP/1.1 200 OK"
2026-04-14 04:36:56,611 - httpx - INFO - HTTP Request: GET http://localhost:3002/status "HTTP/1.1 200 OK"
2026-04-14 04:36:58,622 - httpx - INFO - HTTP Request: GET http://localhost:3002/status "HTTP/1.1 200 OK"
2026-04-14 04:36:58,623 - httpx - INFO - HTTP Request: GET http://localhost:3001/status "HTTP/1.1 200 OK"
2026-04-14 04:37:00,676 - httpx - INFO - HTTP Request: GET http://localhost:3001/status "HTTP/1.1 200 OK"
2026-04-14 04:37:00,680 - httpx - INFO - HTTP Request: GET http://localhost:3002/status "HTTP/1.1 200 OK"
2026-04-14 04:37:02,825 - httpx - INFO - HTTP Request: GET http://localhost:3001/status "HTTP/1.1 200 OK"
2026-04-14 04:37:02,829 - httpx - INFO - HTTP Request: GET http://localhost:3002/status "HTTP/1.1 200 OK"
2026-04-14 04:37:04,921 - httpx - INFO - HTTP Request: GET http://localhost:3001/status "HTTP/1.1 200 OK"
2026-04-14 04:37:04,928 - httpx - INFO - HTTP Request: GET http://localhost:3002/status "HTTP/1.1 200 OK"
2026-04-14 04:37:06,994 - httpx - INFO - HTTP Request: GET http://localhost:3001/status "HTTP/1.1 200 OK"
2026-04-14 04:37:07,039 - httpx - INFO - HTTP Request: GET http://localhost:3002/status "HTTP/1.1 200 OK"
2026-04-14 04:37:09,173 - httpx - INFO - HTTP Request: GET http://localhost:3001/status "HTTP/1.1 200 OK"
2026-04-14 04:37:09,174 - httpx - INFO - HTTP Request: GET http://localhost:3002/status "HTTP/1.1 200 OK"
2026-04-14 04:37:11,319 - httpx - INFO - HTTP Request: GET http://localhost:3001/status "HTTP/1.1 200 OK"
2026-04-14 04:37:11,365 - httpx - INFO - HTTP Request: GET http://localhost:3002/status "HTTP/1.1 200 OK"
2026-04-14 04:37:13,499 - httpx - INFO - HTTP Request: GET http://localhost:3001/status "HTTP/1.1 200 OK"
2026-04-14 04:37:13,512 - httpx - INFO - HTTP Request: GET http://localhost:3002/status "HTTP/1.1 200 OK"
2026-04-14 04:37:15,582 - httpx - INFO - HTTP Request: GET http://localhost:3001/status "HTTP/1.1 200 OK"
2026-04-14 04:37:15,586 - httpx - INFO - HTTP Request: GET http://localhost:3002/status "HTTP/1.1 200 OK"
2026-04-14 04:37:17,644 - httpx - INFO - HTTP Request: GET http://localhost:3001/status "HTTP/1.1 200 OK"
2026-04-14 04:37:17,651 - httpx - INFO - HTTP Request: GET http://localhost:3002/status "HTTP/1.1 200 OK"
2026-04-14 04:37:19,699 - httpx - INFO - HTTP Request: GET http://localhost:3001/status "HTTP/1.1 200 OK"
2026-04-14 04:37:19,702 - httpx - INFO - HTTP Request: GET http://localhost:3002/status "HTTP/1.1 200 OK"
2026-04-14 04:37:21,768 - httpx - INFO - HTTP Request: GET http://localhost:3002/status "HTTP/1.1 200 OK"
2026-04-14 04:37:21,771 - httpx - INFO - HTTP Request: GET http://localhost:3001/status "HTTP/1.1 200 OK"
2026-04-14 04:37:23,822 - httpx - INFO - HTTP Request: GET http://localhost:3001/status "HTTP/1.1 200 OK"
2026-04-14 04:37:23,824 - httpx - INFO - HTTP Request: GET http://localhost:3002/status "HTTP/1.1 200 OK"
2026-04-14 04:37:25,940 - httpx - INFO - HTTP Request: GET http://localhost:3001/status "HTTP/1.1 200 OK"
2026-04-14 04:37:25,953 - httpx - INFO - HTTP Request: GET http://localhost:3002/status "HTTP/1.1 200 OK"
2026-04-14 04:37:28,045 - httpx - INFO - HTTP Request: GET http://localhost:3001/status "HTTP/1.1 200 OK"
2026-04-14 04:37:28,047 - httpx - INFO - HTTP Request: GET http://localhost:3002/status "HTTP/1.1 200 OK"
2026-04-14 04:37:30,087 - httpx - INFO - HTTP Request: GET http://localhost:3001/status "HTTP/1.1 200 OK"
2026-04-14 04:37:30,095 - httpx - INFO - HTTP Request: GET http://localhost:3002/status "HTTP/1.1 200 OK"
2026-04-14 04:37:32,143 - httpx - INFO - HTTP Request: GET http://localhost:3001/status "HTTP/1.1 200 OK"
2026-04-14 04:37:32,150 - httpx - INFO - HTTP Request: GET http://localhost:3002/status "HTTP/1.1 200 OK"
2026-04-14 04:37:34,193 - httpx - INFO - HTTP Request: GET http://localhost:3001/status "HTTP/1.1 200 OK"
2026-04-14 04:37:34,205 - httpx - INFO - HTTP Request: GET http://localhost:3002/status "HTTP/1.1 200 OK"
2026-04-14 04:37:36,282 - httpx - INFO - HTTP Request: GET http://localhost:3001/status "HTTP/1.1 200 OK"
2026-04-14 04:37:36,284 - httpx - INFO - HTTP Request: GET http://localhost:3002/status "HTTP/1.1 200 OK"
2026-04-14 04:37:38,350 - httpx - INFO - HTTP Request: GET http://localhost:3002/status "HTTP/1.1 200 OK"
2026-04-14 04:37:38,350 - httpx - INFO - HTTP Request: GET http://localhost:3001/status "HTTP/1.1 200 OK"
2026-04-14 04:37:40,401 - httpx - INFO - HTTP Request: GET http://localhost:3001/status "HTTP/1.1 200 OK"
2026-04-14 04:37:40,405 - httpx - INFO - HTTP Request: GET http://localhost:3002/status "HTTP/1.1 200 OK"
2026-04-14 04:37:42,471 - httpx - INFO - HTTP Request: GET http://localhost:3001/status "HTTP/1.1 200 OK"
2026-04-14 04:37:42,473 - httpx - INFO - HTTP Request: GET http://localhost:3002/status "HTTP/1.1 200 OK"
2026-04-14 04:37:44,546 - httpx - INFO - HTTP Request: GET http://localhost:3001/status "HTTP/1.1 200 OK"
2026-04-14 04:37:44,547 - httpx - INFO - HTTP Request: GET http://localhost:3002/status "HTTP/1.1 200 OK"
2026-04-14 04:37:46,580 - bot_process - INFO - Stopping bot ArenexBot1...
2026-04-14 04:37:46,728 - httpx - INFO - HTTP Request: POST http://localhost:3001/stop "HTTP/1.1 200 OK"
2026-04-14 04:37:49,746 - bot_process - INFO - Stopping bot ArenexBot2...
2026-04-14 04:37:49,773 - httpx - INFO - HTTP Request: POST http://localhost:3002/stop "HTTP/1.1 200 OK"
2026-04-14 04:37:59,831 - httpx - INFO - HTTP Request: POST http://localhost:8000/matches/result "HTTP/1.1 404 Not Found"
2026-04-14 04:37:59,841 - result_reporter - ERROR - Platform rejected result (404): {"detail":"Match not found"}
2026-04-14 04:37:59,872 - result_reporter - INFO - Saved result to fallback: result_fallback/match_123_20260414_043759.json
