2026-04-14 04:24:20,491 - bot_process - INFO - Starting bot Bot1 on port 3001...
2026-04-14 04:24:21,648 - httpx - INFO - HTTP Request: GET http://localhost:3001/health "HTTP/1.1 200 OK"
2026-04-14 04:24:21,654 - bot_process - INFO - Bot Bot1 is alive.
2026-04-14 04:24:21,654 - bot_process - INFO - Starting bot Bot2 on port 3002...
2026-04-14 04:24:37,414 - bot_process - ERROR - Bot Bot2 failed to become healthy within 15s
2026-04-14 04:24:37,421 - bot_process - INFO - Stopping bot Bot2...
2026-04-14 04:24:37,454 - bot_process - WARNING - Failed to stop bot via API: All connection attempts failed
2026-04-14 04:24:37,475 - bot_process - INFO - Stopping bot Bot1...
2026-04-14 04:24:37,646 - httpx - INFO - HTTP Request: POST http://localhost:3001/stop "HTTP/1.1 200 OK"
2026-04-14 04:24:37,664 - bot_process - INFO - Stopping bot Bot2...
2026-04-14 04:24:37,698 - bot_process - WARNING - Failed to stop bot via API: All connection attempts failed
2026-04-14 04:24:37,725 - result_reporter - ERROR - Failed to connect to platform: All connection attempts failed
2026-04-14 04:24:37,732 - result_reporter - INFO - Saved result to fallback: result_fallback/match_123_20260414_042437.json
2026-04-14 04:25:10,953 - bot_process - INFO - Starting bot Bot1 on port 3001...
2026-04-14 04:25:41,847 - bot_process - ERROR - Bot Bot1 failed to become healthy within 30s
2026-04-14 04:25:41,847 - bot_process - INFO - Stopping bot Bot1...
2026-04-14 04:25:41,880 - bot_process - WARNING - Failed to stop bot via API: All connection attempts failed
2026-04-14 04:25:41,882 - bot_process - INFO - Starting bot Bot2 on port 3002...
2026-04-14 04:25:42,001 - httpx - INFO - HTTP Request: GET http://localhost:3002/health "HTTP/1.1 200 OK"
2026-04-14 04:25:42,010 - bot_process - INFO - Bot Bot2 is alive.
2026-04-14 04:25:42,023 - bot_process - INFO - Stopping bot Bot1...
2026-04-14 04:25:42,049 - bot_process - WARNING - Failed to stop bot via API: All connection attempts failed
2026-04-14 04:25:42,050 - bot_process - INFO - Stopping bot Bot2...
2026-04-14 04:25:42,072 - httpx - INFO - HTTP Request: POST http://localhost:3002/stop "HTTP/1.1 200 OK"
2026-04-14 04:25:43,103 - result_reporter - ERROR - Failed to connect to platform: All connection attempts failed
2026-04-14 04:25:43,103 - result_reporter - INFO - Saved result to fallback: result_fallback/match_123_20260414_042543.json
